0 info it worked if it ends with ok
1 verbose cli [ 'node', '/usr/local/bin/npm', 'publis' ]
2 info using npm@2.11.3
3 info using node@v0.12.7
4 verbose publish [ '.' ]
5 silly cache add args [ '.', null ]
6 verbose cache add spec .
7 silly cache add parsed spec { raw: '.',
7 silly cache add   scope: null,
7 silly cache add   name: null,
7 silly cache add   rawSpec: '.',
7 silly cache add   spec: '/Users/Will/GitHub/ng2-redux',
7 silly cache add   type: 'directory' }
8 verbose addLocalDirectory /Users/Will/.npm/ng2-redux/0.0.1/package.tgz not in flight; packing
9 verbose tar pack [ '/Users/Will/.npm/ng2-redux/0.0.1/package.tgz',
9 verbose tar pack   '/Users/Will/GitHub/ng2-redux' ]
10 verbose tarball /Users/Will/.npm/ng2-redux/0.0.1/package.tgz
11 verbose folder /Users/Will/GitHub/ng2-redux
12 info prepublish ng2-redux@0.0.1
13 verbose addLocalTarball adding from inside cache /Users/Will/.npm/ng2-redux/0.0.1/package.tgz
14 silly cache afterAdd ng2-redux@0.0.1
15 verbose afterAdd /Users/Will/.npm/ng2-redux/0.0.1/package/package.json not in flight; writing
16 verbose afterAdd /Users/Will/.npm/ng2-redux/0.0.1/package/package.json written
17 silly publish { name: 'ng2-redux',
17 silly publish   version: '0.0.1',
17 silly publish   description: 'Angular 2 bindings for Redux',
17 silly publish   main: './lib/index.js',
17 silly publish   scripts:
17 silly publish    { build: 'rm -rf lib && `npm bin`/babel src --out-dir lib',
17 silly publish      test: 'mocha --compilers js:babel/register --recursive' },
17 silly publish   repository:
17 silly publish    { type: 'git',
17 silly publish      url: 'git+ssh://git@github.com/wbuchwalter/ng2-redux.git' },
17 silly publish   keywords: [ 'Redux', 'Flux', 'Angular' ],
17 silly publish   author:
17 silly publish    { name: 'William Buchwalter',
17 silly publish      email: 'wbuchwalter@gmail.com',
17 silly publish      url: 'http://github.com/wbuchwalter' },
17 silly publish   license: 'MIT',
17 silly publish   bugs: { url: 'https://github.com/wbuchwalter/ng2-redux/issues' },
17 silly publish   homepage: 'https://github.com/wbuchwalter/ng2-redux#readme',
17 silly publish   devDependencies:
17 silly publish    { babel: '^5.8.12',
17 silly publish      'babel-loader': '^5.3.2',
17 silly publish      expect: '^1.8.0',
17 silly publish      mocha: '^2.2.5',
17 silly publish      webpack: '^1.10.5' },
17 silly publish   peerDependencies: { redux: '^1.0.0 || 1.0.0-alpha || 1.0.0-rc' },
17 silly publish   dependencies: { invariant: '^2.1.0' },
17 silly publish   readme: '# ng2-redux\nAngular 2 bindings for Redux.\n\n\n##### This is a work very much in progress, use at your own risk :)\n\n## How to use\nAn example counter app can be found [here](https://github.com/wbuchwalter/SampleNg2redux)\n',
17 silly publish   readmeFilename: 'README.md',
17 silly publish   gitHead: 'bd6b7e89a81e3270f121889662fc57847c5477d5',
17 silly publish   _id: 'ng2-redux@0.0.1',
17 silly publish   _shasum: '799bdad220a8c3203159ca3b90d7a8fef838d06a',
17 silly publish   _from: '.' }
18 verbose getPublishConfig undefined
19 silly mapToRegistry name ng2-redux
20 silly mapToRegistry using default registry
21 silly mapToRegistry registry https://registry.npmjs.org/
22 silly mapToRegistry uri https://registry.npmjs.org/ng2-redux
23 verbose publish registryBase https://registry.npmjs.org/
24 silly publish uploading /Users/Will/.npm/ng2-redux/0.0.1/package.tgz
25 verbose request uri https://registry.npmjs.org/ng2-redux
26 verbose request sending authorization for write operation
27 info attempt registry request try #1 at 10:43:37 PM
28 verbose request id fe95fa41cdaebf1f
29 http request PUT https://registry.npmjs.org/ng2-redux
30 http 403 https://registry.npmjs.org/ng2-redux
31 verbose headers { 'content-type': 'application/json',
31 verbose headers   'cache-control': 'max-age=60',
31 verbose headers   'content-length': '95',
31 verbose headers   'accept-ranges': 'bytes',
31 verbose headers   date: 'Fri, 14 Aug 2015 02:43:39 GMT',
31 verbose headers   via: '1.1 varnish',
31 verbose headers   connection: 'keep-alive',
31 verbose headers   'x-served-by': 'cache-dfw1825-DFW',
31 verbose headers   'x-cache': 'MISS',
31 verbose headers   'x-cache-hits': '0',
31 verbose headers   'x-timer': 'S1439520217.912017,VS0,VE1189' }
32 verbose request invalidating /Users/Will/.npm/registry.npmjs.org/ng2-redux on PUT
33 error publish Failed PUT 403
34 verbose stack Error: "You cannot publish over the previously published version 0.0.1." : ng2-redux
34 verbose stack     at CachingRegistryClient.<anonymous> (/usr/local/lib/node_modules/npm/node_modules/npm-registry-client/lib/request.js:247:14)
34 verbose stack     at Request._callback (/usr/local/lib/node_modules/npm/node_modules/npm-registry-client/lib/request.js:170:14)
34 verbose stack     at Request.self.callback (/usr/local/lib/node_modules/npm/node_modules/request/request.js:354:22)
34 verbose stack     at Request.emit (events.js:110:17)
34 verbose stack     at Request.<anonymous> (/usr/local/lib/node_modules/npm/node_modules/request/request.js:1207:14)
34 verbose stack     at Request.emit (events.js:129:20)
34 verbose stack     at IncomingMessage.<anonymous> (/usr/local/lib/node_modules/npm/node_modules/request/request.js:1153:12)
34 verbose stack     at IncomingMessage.emit (events.js:129:20)
34 verbose stack     at _stream_readable.js:908:16
34 verbose stack     at process._tickCallback (node.js:355:11)
35 verbose statusCode 403
36 verbose pkgid ng2-redux
37 verbose cwd /Users/Will/GitHub/ng2-redux
38 error Darwin 15.0.0
39 error argv "node" "/usr/local/bin/npm" "publis"
40 error node v0.12.7
41 error npm  v2.11.3
42 error code E403
43 error "You cannot publish over the previously published version 0.0.1." : ng2-redux
44 error If you need help, you may report this error at:
44 error     <https://github.com/npm/npm/issues>
45 verbose exit [ 1, true ]
